<?xml version="1.0" encoding="UTF-8"?>
<!-- Generated by org.testng.reporters.JUnitXMLReporter -->
<testsuite hostname="ntc3-pc" ignored="0" name="Command line test" tests="14" failures="0" timestamp="12 Jul 2018 12:49:58 GMT" time="326.953" errors="0">
  <testcase name="verifyContactsPageLabel" time="0.06" classname="com.crm.qa.testcases.ContactsPageTest"/>
  <testcase name="verifyHomePageTitleTest" time="0.013" classname="com.crm.qa.testcases.HomePageTest"/>
  <testcase name="loginPageTitleTest" time="0.049" classname="com.crm.qa.testcases.LoginPageTest"/>
  <testcase name="selectContactsTest" time="0.136" classname="com.crm.qa.testcases.ContactsPageTest"/>
  <testcase name="verifyuserNameTest" time="0.116" classname="com.crm.qa.testcases.HomePageTest"/>
  <testcase name="validateCrmLogoTest" time="0.077" classname="com.crm.qa.testcases.LoginPageTest"/>
  <testcase name="selectMultileContacts" time="0.311" classname="com.crm.qa.testcases.ContactsPageTest"/>
  <testcase name="verifyContactsLinkTest" time="2.308" classname="com.crm.qa.testcases.HomePageTest"/>
  <testcase name="loginTest" time="10.29" classname="com.crm.qa.testcases.LoginPageTest"/>
  <testcase name="validateCreateNewContactTest" time="6.563" classname="com.crm.qa.testcases.ContactsPageTest"/>
  <testcase name="validateCreateNewContactTest" time="4.503" classname="com.crm.qa.testcases.ContactsPageTest"/>
  <testcase name="validateCreateNewContactTest" time="4.628" classname="com.crm.qa.testcases.ContactsPageTest"/>
  <testcase name="validateCreateNewContactTest" time="4.716" classname="com.crm.qa.testcases.ContactsPageTest"/>
  <testcase name="validateCreateNewContactTest" time="4.177" classname="com.crm.qa.testcases.ContactsPageTest"/>
</testsuite> <!-- Command line test -->
